2026-01-28 12:49:16,645 - INFO - 
     Year  Present_Price  Kms_Driven  Owner  Fuel_Type  Seller_Type  Transmission     Brand
184  2008          0.750       26000      1          0            0             0  2.389711
132  2017          0.950        3500      0          0            0             0  2.389711
194  2008          0.787       50000      0          0            0             0  3.396347
75   2015          6.800       36000      0          0            1             0  4.566372
111  2016          1.500        8700      0          0            0             0  3.630478
..    ...            ...         ...    ...        ...          ...           ...       ...
188  2013          0.570       18000      0          0            0             0  3.396347
71   2011         12.480       45000      0          1            1             0  5.321559
106  2014          3.450       16500      1          0            0             0  4.213937
270  2011         10.000       69341      0          0            1             0  5.864711
102  2017          1.780        4000      0          0            0             0  4.087147

[240 rows x 8 columns]
2026-01-28 12:49:16,649 - INFO - 
     Year  Present_Price  Kms_Driven  Owner  Fuel_Type  Seller_Type  Transmission     Brand
177  2016           0.57       24000      0          0            0             1  3.339991
289  2016          13.60       10980      0          0            1             0  5.864711
228  2012           9.40       60000      0          1            1             0  5.028539
198  2011           0.57       35000      1          0            0             0  2.389711
60   2013          18.61       40001      0          0            1             0  5.321559
..    ...            ...         ...    ...        ...          ...           ...       ...
234  2015           5.70        4492      0          0            1             0  4.689835
296  2016          11.60       33988      0          1            1             0  5.864711
281  2006           7.60       50456      0          0            1             0  5.864711
285  2016           8.50       15059      0          0            1             1  4.825148
182  2013           0.58       30000      0          0            0             0  3.339991

[61 rows x 8 columns]
