2026-01-28 12:49:16,229 - INFO - shape of df:(301, 9)
2026-01-28 12:49:16,229 - INFO - Index(['Car_Name', 'Year', 'Selling_Price', 'Present_Price', 'Kms_Driven',
       'Fuel_Type', 'Seller_Type', 'Transmission', 'Owner'],
      dtype='object')
2026-01-28 12:49:16,229 - INFO - Car_Name         0
Year             0
Selling_Price    0
Present_Price    0
Kms_Driven       0
Fuel_Type        0
Seller_Type      0
Transmission     0
Owner            0
dtype: int64
2026-01-28 12:49:16,229 - INFO - shape of X:(301, 8)
2026-01-28 12:49:16,229 - INFO - shape of y:(301,)
2026-01-28 12:49:16,229 - INFO - Index(['Car_Name', 'Year', 'Present_Price', 'Kms_Driven', 'Fuel_Type',
       'Seller_Type', 'Transmission', 'Owner'],
      dtype='object')
2026-01-28 12:49:16,229 - INFO - Selling_Price
2026-01-28 12:49:16,229 - INFO - shape of X_train:(240, 8)
2026-01-28 12:49:16,229 - INFO - shape of X_test:(61, 8)
2026-01-28 12:49:16,229 - INFO - shape of y_train:(240,)
2026-01-28 12:49:16,229 - INFO - shape of y_test:(61,)
2026-01-28 12:49:16,229 - INFO - columns of X_train:Index(['Car_Name', 'Year', 'Present_Price', 'Kms_Driven', 'Fuel_Type',
       'Seller_Type', 'Transmission', 'Owner'],
      dtype='object')
2026-01-28 12:49:16,229 - INFO - columns of X_test:Index(['Car_Name', 'Year', 'Present_Price', 'Kms_Driven', 'Fuel_Type',
       'Seller_Type', 'Transmission', 'Owner'],
      dtype='object')
2026-01-28 12:49:16,229 - INFO - columns of y_train:Selling_Price
2026-01-28 12:49:16,229 - INFO - columns of y_test:Selling_Price
2026-01-28 12:49:16,229 - INFO - There are no missing values in X_train and X_test
2026-01-28 12:49:16,229 - INFO - Starting feature engineering (Brand extraction)
2026-01-28 12:49:16,229 - INFO - Brand extraction completed
2026-01-28 12:49:16,229 - INFO - X_train columns after feature engineering: Index(['Year', 'Present_Price', 'Kms_Driven', 'Fuel_Type', 'Seller_Type',
       'Transmission', 'Owner', 'Brand'],
      dtype='object')
2026-01-28 12:49:16,229 - INFO - X_test columns after feature engineering: Index(['Year', 'Present_Price', 'Kms_Driven', 'Fuel_Type', 'Seller_Type',
       'Transmission', 'Owner', 'Brand'],
      dtype='object')
2026-01-28 12:49:16,239 - INFO - 
     Year  Present_Price  Kms_Driven Fuel_Type Seller_Type Transmission  Owner          Brand
184  2008          0.750       26000    Petrol  Individual       Manual      1          Bajaj
132  2017          0.950        3500    Petrol  Individual       Manual      0          Bajaj
194  2008          0.787       50000    Petrol  Individual       Manual      0           Hero
75   2015          6.800       36000    Petrol      Dealer       Manual      0          Etios
111  2016          1.500        8700    Petrol  Individual       Manual      0  Royal Enfield
59   2014         35.960       41000    Diesel      Dealer    Automatic      0       Fortuner
93   2015         30.610       40000    Diesel      Dealer    Automatic      0       Fortuner
6    2015          8.120       18796    Petrol      Dealer       Manual      0           Ciaz
175  2011          0.787       75000    Petrol  Individual       Manual      0     Hero Honda
30   2012          5.980       51439    Diesel      Dealer       Manual      0           Ritz
2026-01-28 12:49:16,249 - INFO - 
     Year  Present_Price  Kms_Driven Fuel_Type Seller_Type Transmission  Owner    Brand
177  2016           0.57       24000    Petrol  Individual    Automatic      0    Honda
289  2016          13.60       10980    Petrol      Dealer       Manual      0     City
228  2012           9.40       60000    Diesel      Dealer       Manual      0    Verna
198  2011           0.57       35000    Petrol  Individual       Manual      1    Bajaj
60   2013          18.61       40001    Petrol      Dealer       Manual      0  Corolla
..    ...            ...         ...       ...         ...          ...    ...      ...
234  2015           5.70        4492    Petrol      Dealer       Manual      0    Grand
296  2016          11.60       33988    Diesel      Dealer       Manual      0     City
281  2006           7.60       50456    Petrol      Dealer       Manual      0     City
285  2016           8.50       15059    Petrol      Dealer    Automatic      0     Jazz
182  2013           0.58       30000    Petrol  Individual       Manual      0    Honda

[61 rows x 8 columns]
2026-01-28 12:49:16,249 - INFO - columns of X_train:Index(['Year', 'Present_Price', 'Kms_Driven', 'Fuel_Type', 'Seller_Type',
       'Transmission', 'Owner', 'Brand'],
      dtype='object')
2026-01-28 12:49:16,249 - INFO - columns of X_test:Index(['Year', 'Present_Price', 'Kms_Driven', 'Fuel_Type', 'Seller_Type',
       'Transmission', 'Owner', 'Brand'],
      dtype='object')
2026-01-28 12:49:16,249 - INFO - columns of X_train_num:Index(['Year', 'Present_Price', 'Kms_Driven', 'Owner'], dtype='object')
2026-01-28 12:49:16,249 - INFO - columns of X_train_cat:Index(['Fuel_Type', 'Seller_Type', 'Transmission', 'Brand'], dtype='object')
2026-01-28 12:49:16,249 - INFO - columns of X_test_num:Index(['Year', 'Present_Price', 'Kms_Driven', 'Owner'], dtype='object')
2026-01-28 12:49:16,249 - INFO - columns of X_test_cat:Index(['Fuel_Type', 'Seller_Type', 'Transmission', 'Brand'], dtype='object')
2026-01-28 12:49:16,542 - INFO - Error in line no:109 due to:cannot unpack non-iterable NoneType object
2026-01-28 12:49:16,542 - INFO - Index(['Fuel_Type', 'Seller_Type', 'Transmission', 'Brand'], dtype='object')
2026-01-28 12:49:16,542 - INFO - Index(['Fuel_Type', 'Seller_Type', 'Transmission', 'Brand'], dtype='object')
2026-01-28 12:49:16,572 - INFO - Index(['Fuel_Type', 'Seller_Type', 'Transmission', 'Brand'], dtype='object')
2026-01-28 12:49:16,572 - INFO - Index(['Fuel_Type', 'Seller_Type', 'Transmission', 'Brand'], dtype='object')
2026-01-28 12:49:16,572 - INFO - (240, 4)
2026-01-28 12:49:16,572 - INFO - (61, 4)
2026-01-28 12:49:16,573 - INFO - Fuel_Type       0
Seller_Type     0
Transmission    0
Brand           0
dtype: int64
2026-01-28 12:49:16,574 - INFO - Fuel_Type       0
Seller_Type     0
Transmission    0
Brand           0
dtype: int64
2026-01-28 12:49:16,594 - INFO - Before 
:     Year  Present_Price  Kms_Driven  Owner  Fuel_Type  Seller_Type  Transmission     Brand
184  2008          0.750       26000      1          0            0             0  2.389711
132  2017          0.950        3500      0          0            0             0  2.389711
194  2008          0.787       50000      0          0            0             0  3.396347
75   2015          6.800       36000      0          0            1             0  4.566372
111  2016          1.500        8700      0          0            0             0  3.630478
..    ...            ...         ...    ...        ...          ...           ...       ...
188  2013          0.570       18000      0          0            0             0  3.396347
71   2011         12.480       45000      0          1            1             0  5.321559
106  2014          3.450       16500      1          0            0             0  4.213937
270  2011         10.000       69341      0          0            1             0  5.864711
102  2017          1.780        4000      0          0            0             0  4.087147

[240 rows x 8 columns]
2026-01-28 12:49:16,617 - INFO - Before 
:     Year  Present_Price  Kms_Driven  Owner  Fuel_Type  Seller_Type  Transmission     Brand
177  2016           0.57       24000      0          0            0             1  3.339991
289  2016          13.60       10980      0          0            1             0  5.864711
228  2012           9.40       60000      0          1            1             0  5.028539
198  2011           0.57       35000      1          0            0             0  2.389711
60   2013          18.61       40001      0          0            1             0  5.321559
..    ...            ...         ...    ...        ...          ...           ...       ...
234  2015           5.70        4492      0          0            1             0  4.689835
296  2016          11.60       33988      0          1            1             0  5.864711
281  2006           7.60       50456      0          0            1             0  5.864711
285  2016           8.50       15059      0          0            1             1  4.825148
182  2013           0.58       30000      0          0            0             0  3.339991

[61 rows x 8 columns]
2026-01-28 12:49:16,670 - INFO - After 
:         Year  Present_Price  Kms_Driven  Owner  Fuel_Type  Seller_Type  Transmission     Brand
184 -1.969861      -0.753596   -0.275555      1          0            0             0 -1.704157
132  1.156443      -0.731307   -0.814282      0          0            0             0 -1.704157
194 -1.969861      -0.749472    0.299088      0          0            0             0 -0.911826
75   0.461709      -0.079351   -0.036120      0          0            1             0  0.009110
111  0.809076      -0.670012   -0.689776      0          0            0             0 -0.727540
..        ...            ...         ...    ...        ...          ...           ...       ...
188 -0.233025      -0.773656   -0.467102      0          0            0             0 -0.911826
71  -0.927760       0.553660    0.179371      0          1            1             0  0.603524
106  0.114342      -0.452693   -0.503017      1          0            0             0 -0.268295
270 -0.927760       0.277275    0.762179      0          0            1             0  1.031043
102  1.156443      -0.638807   -0.802311      0          0            0             0 -0.368092

[240 rows x 8 columns]
2026-01-28 12:49:16,683 - INFO - After 
:         Year  Present_Price  Kms_Driven  Owner  Fuel_Type  Seller_Type  Transmission     Brand
177  0.809076      -0.773656   -0.323442      0          0            0             1 -0.956185
289  0.809076       0.678479   -0.635185      0          0            1             0  1.031043
228 -0.580393       0.210408    0.538523      0          1            1             0  0.372885
198 -0.927760      -0.773656   -0.060064      1          0            0             0 -1.704157
60  -0.233025       1.236821    0.059678      0          0            1             0  0.603524
..        ...            ...         ...    ...        ...          ...           ...       ...
234  0.461709      -0.201941   -0.790531      0          0            1             0  0.106289
296  0.809076       0.455588   -0.084294      0          1            1             0  1.031043
281 -2.664595       0.009806    0.310007      0          0            1             0  1.031043
285  0.809076       0.110107   -0.537520      0          0            1             1  0.212795
182 -0.233025      -0.772542   -0.179781      0          0            0             0 -0.956185

[61 rows x 8 columns]
2026-01-28 12:49:16,683 - INFO - ================================================
2026-01-28 12:49:16,683 - INFO - Year             0
Present_Price    0
Kms_Driven       0
Owner            0
Fuel_Type        0
Seller_Type      0
Transmission     0
Brand            0
dtype: int64
2026-01-28 12:49:16,689 - INFO - Year             0
Present_Price    0
Kms_Driven       0
Owner            0
Fuel_Type        0
Seller_Type      0
Transmission     0
Brand            0
dtype: int64
2026-01-28 12:49:16,689 - INFO - ========================================================
2026-01-28 12:49:16,690 - INFO - 
         Year  Present_Price  Kms_Driven  Owner  Fuel_Type  Seller_Type  Transmission     Brand
184 -1.969861      -0.753596   -0.275555      1          0            0             0 -1.704157
132  1.156443      -0.731307   -0.814282      0          0            0             0 -1.704157
194 -1.969861      -0.749472    0.299088      0          0            0             0 -0.911826
75   0.461709      -0.079351   -0.036120      0          0            1             0  0.009110
111  0.809076      -0.670012   -0.689776      0          0            0             0 -0.727540
..        ...            ...         ...    ...        ...          ...           ...       ...
188 -0.233025      -0.773656   -0.467102      0          0            0             0 -0.911826
71  -0.927760       0.553660    0.179371      0          1            1             0  0.603524
106  0.114342      -0.452693   -0.503017      1          0            0             0 -0.268295
270 -0.927760       0.277275    0.762179      0          0            1             0  1.031043
102  1.156443      -0.638807   -0.802311      0          0            0             0 -0.368092

[240 rows x 8 columns]
2026-01-28 12:49:16,707 - INFO - 
         Year  Present_Price  Kms_Driven  Owner  Fuel_Type  Seller_Type  Transmission     Brand
177  0.809076      -0.773656   -0.323442      0          0            0             1 -0.956185
289  0.809076       0.678479   -0.635185      0          0            1             0  1.031043
228 -0.580393       0.210408    0.538523      0          1            1             0  0.372885
198 -0.927760      -0.773656   -0.060064      1          0            0             0 -1.704157
60  -0.233025       1.236821    0.059678      0          0            1             0  0.603524
..        ...            ...         ...    ...        ...          ...           ...       ...
234  0.461709      -0.201941   -0.790531      0          0            1             0  0.106289
296  0.809076       0.455588   -0.084294      0          1            1             0  1.031043
281 -2.664595       0.009806    0.310007      0          0            1             0  1.031043
285  0.809076       0.110107   -0.537520      0          0            1             1  0.212795
182 -0.233025      -0.772542   -0.179781      0          0            0             0 -0.956185

[61 rows x 8 columns]
2026-01-28 12:49:16,707 - INFO - 
184    0.25
132    0.75
194    0.20
75     3.95
111    1.15
       ... 
188    0.25
71     4.50
106    1.35
270    4.10
102    1.65
Name: Selling_Price, Length: 240, dtype: float64
2026-01-28 12:49:16,714 - INFO - 
177     0.35
289    10.11
228     4.95
198     0.15
60      6.95
       ...  
234     5.50
296     9.50
281     2.10
285     7.40
182     0.30
Name: Selling_Price, Length: 61, dtype: float64
